<?xml version="1.0" encoding="UTF-8"?>
<!-- Generated by org.testng.reporters.JUnitReportReporter -->
<testsuite hostname="DESKTOP-BKNR9PA" failures="0" tests="1" name="cucumberOptions.TestNGTestRunner" time="19.156" errors="0" timestamp="2024-03-10T19:27:58 EET" skipped="0">
  <testcase classname="cucumberOptions.TestNGTestRunner" name="runScenario" time="19.156"/>
</testsuite> <!-- cucumberOptions.TestNGTestRunner -->
